Using pre-set license
Built from '2022.3/respin/2022.3.62f2-4af31df585-v2' branch; Version is '2022.3.62f3 (96770f904ca7) revision 9860879'; Using compiler version '192829333'; Build Type 'Release'
OS: 'Windows 10  (10.0.19045) 64bit Professional' Language: 'en' Physical Memory: 32641 MB
BatchMode: 1, IsHumanControllingUs: 0, StartBugReporterOnCrash: 0, Is64bit: 1, IsPro: 1

COMMAND LINE ARGUMENTS:
D:\Unity\2022.3.62f3\Editor\Unity.exe
-adb2
-batchMode
-noUpm
-name
AssetImportWorker1
-projectPath
D:/Đồ Án 2/BaotangAodai3D
-logFile
Logs/AssetImportWorker1.log
-srvPort
60552
Successfully changed project path to: D:/Đồ Án 2/BaotangAodai3D
D:/Đồ Án 2/BaotangAodai3D
[UnityMemory] Configuration Parameters - Can be set up in boot.config
    "memorysetup-bucket-allocator-granularity=16"
    "memorysetup-bucket-allocator-bucket-count=8"
    "memorysetup-bucket-allocator-block-size=33554432"
    "memorysetup-bucket-allocator-block-count=8"
    "memorysetup-main-allocator-block-size=16777216"
    "memorysetup-thread-allocator-block-size=16777216"
    "memorysetup-gfx-main-allocator-block-size=16777216"
    "memorysetup-gfx-thread-allocator-block-size=16777216"
    "memorysetup-cache-allocator-block-size=4194304"
    "memorysetup-typetree-allocator-block-size=2097152"
    "memorysetup-profiler-bucket-allocator-granularity=16"
    "memorysetup-profiler-bucket-allocator-bucket-count=8"
    "memorysetup-profiler-bucket-allocator-block-size=33554432"
    "memorysetup-profiler-bucket-allocator-block-count=8"
    "memorysetup-profiler-allocator-block-size=16777216"
    "memorysetup-profiler-editor-allocator-block-size=1048576"
    "memorysetup-temp-allocator-size-main=16777216"
    "memorysetup-job-temp-allocator-block-size=2097152"
    "memorysetup-job-temp-allocator-block-size-background=1048576"
    "memorysetup-job-temp-allocator-reduction-small-platforms=262144"
    "memorysetup-allocator-temp-initial-block-size-main=262144"
    "memorysetup-allocator-temp-initial-block-size-worker=262144"
    "memorysetup-temp-allocator-size-background-worker=32768"
    "memorysetup-temp-allocator-size-job-worker=262144"
    "memorysetup-temp-allocator-size-preload-manager=33554432"
    "memorysetup-temp-allocator-size-nav-mesh-worker=65536"
    "memorysetup-temp-allocator-size-audio-worker=65536"
    "memorysetup-temp-allocator-size-cloud-worker=32768"
    "memorysetup-temp-allocator-size-gi-baking-worker=262144"
    "memorysetup-temp-allocator-size-gfx=262144"
Player connection [31092]  Target information:

Player connection [31092]  * "[IP] 192.168.1.127 [Port] 0 [Flags] 2 [Guid] 2127793367 [EditorId] 2127793367 [Version] 1048832 [Id] WindowsEditor(7,DELL-PC) [Debug] 1 [PackageName] WindowsEditor [ProjectName] Editor" 

Player connection [31092] Host joined multi-casting on [225.0.0.222:54997]...
Player connection [31092] Host joined alternative multi-casting on [225.0.0.222:34997]...
Input System module state changed to: Initialized.
[PhysX] Initialized MultithreadedTaskDispatcher with 8 workers.
Refreshing native plugins compatible for Editor in 12.93 ms, found 3 plugins.
Preloading 0 native plugins for Editor in 0.00 ms.
Initialize engine version: 2022.3.62f3 (96770f904ca7)
[Subsystems] Discovering subsystems at path D:/Unity/2022.3.62f3/Editor/Data/Resources/UnitySubsystems
[Subsystems] Discovering subsystems at path D:/Đồ Án 2/BaotangAodai3D/Assets
GfxDevice: creating device client; threaded=0; jobified=0
Direct3D:
    Version:  Direct3D 11.0 [level 11.1]
    Renderer: NVIDIA GeForce RTX 2060 (ID=0x1f08)
    Vendor:   NVIDIA
    VRAM:     5954 MB
    Driver:   32.0.15.6094
Initialize mono
Mono path[0] = 'D:/Unity/2022.3.62f3/Editor/Data/Managed'
Mono path[1] = 'D:/Unity/2022.3.62f3/Editor/Data/MonoBleedingEdge/lib/mono/unityjit-win32'
Mono config path = 'D:/Unity/2022.3.62f3/Editor/Data/MonoBleedingEdge/etc'
Using monoOptions --debugger-agent=transport=dt_socket,embedding=1,server=y,suspend=n,address=127.0.0.1:56384
Begin MonoManager ReloadAssembly
Registering precompiled unity dll's ...
Register platform support module: D:/Unity/2022.3.62f3/Editor/Data/PlaybackEngines/WindowsStandaloneSupport/UnityEditor.WindowsStandalone.Extensions.dll
Registered in 0.004127 seconds.
- Loaded All Assemblies, in  0.387 seconds
Native extension for WindowsStandalone target not found
Mono: successfully reloaded assembly
- Finished resetting the current domain, in  0.294 seconds
Domain Reload Profiling: 681ms
	BeginReloadAssembly (126ms)
		ExecutionOrderSort (0ms)
		DisableScriptedObjects (0ms)
		BackupInstance (0ms)
		ReleaseScriptingObjects (0ms)
		CreateAndSetChildDomain (1ms)
	RebuildCommonClasses (40ms)
	RebuildNativeTypeToScriptingClass (12ms)
	initialDomainReloadingComplete (53ms)
	LoadAllAssembliesAndSetupDomain (156ms)
		LoadAssemblies (125ms)
		RebuildTransferFunctionScriptingTraits (0ms)
		AnalyzeDomain (154ms)
			TypeCache.Refresh (152ms)
				TypeCache.ScanAssembly (139ms)
			ScanForSourceGeneratedMonoScriptInfo (0ms)
			ResolveRequiredComponents (0ms)
	FinalizeReload (294ms)
		ReleaseScriptCaches (0ms)
		RebuildScriptCaches (0ms)
		SetupLoadedEditorAssemblies (241ms)
			LogAssemblyErrors (0ms)
			InitializePlatformSupportModulesInManaged (10ms)
			SetLoadedEditorAssemblies (10ms)
			RefreshPlugins (0ms)
			BeforeProcessingInitializeOnLoad (2ms)
			ProcessInitializeOnLoadAttributes (163ms)
			ProcessInitializeOnLoadMethodAttributes (56ms)
			AfterProcessingInitializeOnLoad (0ms)
			EditorAssembliesLoaded (0ms)
		ExecutionOrderSort2 (0ms)
		AwakeInstancesAfterBackupRestoration (0ms)
========================================================================
Worker process is ready to serve import requests
Caller must complete domain reload
Begin MonoManager ReloadAssembly
- Loaded All Assemblies, in  0.752 seconds
Native extension for WindowsStandalone target not found
Package Manager log level set to [2]
[Package Manager] Server::EnsureServerProcessIsRunning -- launch failed, reason: Unity was launched with the -noUpm command-line argument
[Package Manager] UpmClient::Send -- Unable to send message (not connected to UPM process).
[Package Manager] Cannot connect to Unity Package Manager local server
Mono: successfully reloaded assembly
- Finished resetting the current domain, in  0.842 seconds
Domain Reload Profiling: 1594ms
	BeginReloadAssembly (166ms)
		ExecutionOrderSort (0ms)
		DisableScriptedObjects (6ms)
		BackupInstance (0ms)
		ReleaseScriptingObjects (0ms)
		CreateAndSetChildDomain (23ms)
	RebuildCommonClasses (42ms)
	RebuildNativeTypeToScriptingClass (12ms)
	initialDomainReloadingComplete (41ms)
	LoadAllAssembliesAndSetupDomain (491ms)
		LoadAssemblies (367ms)
		RebuildTransferFunctionScriptingTraits (0ms)
		AnalyzeDomain (225ms)
			TypeCache.Refresh (179ms)
				TypeCache.ScanAssembly (162ms)
			ScanForSourceGeneratedMonoScriptInfo (31ms)
			ResolveRequiredComponents (14ms)
	FinalizeReload (842ms)
		ReleaseScriptCaches (0ms)
		RebuildScriptCaches (0ms)
		SetupLoadedEditorAssemblies (658ms)
			LogAssemblyErrors (0ms)
			InitializePlatformSupportModulesInManaged (6ms)
			SetLoadedEditorAssemblies (6ms)
			RefreshPlugins (0ms)
			BeforeProcessingInitializeOnLoad (135ms)
			ProcessInitializeOnLoadAttributes (426ms)
			ProcessInitializeOnLoadMethodAttributes (82ms)
			AfterProcessingInitializeOnLoad (3ms)
			EditorAssembliesLoaded (0ms)
		ExecutionOrderSort2 (0ms)
		AwakeInstancesAfterBackupRestoration (8ms)
Launched and connected shader compiler UnityShaderCompiler.exe after 0.07 seconds
Refreshing native plugins compatible for Editor in 4.12 ms, found 3 plugins.
Preloading 0 native plugins for Editor in 0.00 ms.
Unloading 5407 Unused Serialized files (Serialized files now loaded: 0)
Unloading 25 unused Assets / (347.6 KB). Loaded Objects now: 5869.
Memory consumption went from 211.4 MB to 211.1 MB.
Total: 3.449500 ms (FindLiveObjects: 0.411200 ms CreateObjectMapping: 0.397000 ms MarkObjects: 2.501300 ms  DeleteObjects: 0.139300 ms)

AssetImportParameters requested are different than current active one (requested -> active):
  custom:scripting/monoscript/fileName/Common.cs: c99d37a639876d15830bc1b4d2b2c424 -> 6ffc11e45ee8ab7a7d4178988978e63b
  custom:scripting/monoscript/fileName/BurstCompiler.cs: 25961ab6b2aa72f0ea3a28043bd3e34e -> 7b21670e31210e9f8a136d10cb1b9317
  custom:scripting/monoscript/fileName/BurstDisassembler.Core.Wasm.info.cs: 924d9993bb4f5055a61b0166f627d3c3 -> b15d06942db1ac71042be253eef84e7f
  custom:scripting/monoscript/fileName/BurstInspectorGUI.cs: bb274962adeb3b63c0ef4f58eeb3acfe -> 3b3371d5330c1720f59a915caa210691
  custom:scripting/monoscript/fileName/Aliasing.cs: 68567cebb1d169ce4f21a31c20f47d47 -> fa54b7e36cebab64c6f4b438ce5bbbb0
  custom:scripting/monoscript/fileName/BurstAotCompiler.cs: 999e0496849ba059c880640ab57448ab -> a41b7d0d053e0898c09eec7c4f1c3c21
  custom:container-demuxer-ogg: 62fdf1f143b41e24485cea50d1cbac27 -> 
  custom:scripting/monoscript/fileName/v64.cs: b639be1f4e5230c67c23ecfceaa8a8e2 -> 73e2a46ccd31f5cae0a785e2a9658313
  custom:scripting/monoscript/fileName/Avx2.cs: 869deae3083ccfe6b60b2585f9e67560 -> 790f25d56fba1e7a48c0a0766c0ad6a6
  custom:scripting/monoscript/fileName/BurstDisassembler.Core.x86.cs: 924d9993bb4f5055a61b0166f627d3c3 -> b15d06942db1ac71042be253eef84e7f
  custom:scripting/monoscript/fileName/BurstDisassembler.Core.LLVMIR.cs: 924d9993bb4f5055a61b0166f627d3c3 -> b15d06942db1ac71042be253eef84e7f
  custom:scripting/monoscript/fileName/Bmi2.cs: 869deae3083ccfe6b60b2585f9e67560 -> 790f25d56fba1e7a48c0a0766c0ad6a6
  custom:scripting/monoscript/fileName/SimdDebugViews.cs: 2a56730788f7babcb1e54d28fd040417 -> ee065a215655effb5244eeef3e220fd7
  custom:scripting/monoscript/fileName/BurstDisassembler.Core.ARM64.cs: 924d9993bb4f5055a61b0166f627d3c3 -> b15d06942db1ac71042be253eef84e7f
  custom:scripting/monoscript/fileName/Bmi1.cs: 869deae3083ccfe6b60b2585f9e67560 -> 790f25d56fba1e7a48c0a0766c0ad6a6
  custom:scripting/monoscript/fileName/BurstDisassembler.Core.cs: b3b080d760b6a18b7cf0870b47190ba9 -> e5f812d5efcd2a5c78433604ae4d6b38
  custom:video-decoder-ogg-theora: a1e56fd34408186e4bbccfd4996cb3dc -> 
  custom:scripting/monoscript/fileName/BurstLoader.cs: 36ef27b2f68a2283d382cc41e77edbfa -> ff77f8ae1ba38c1e7af1923752743ddf
  custom:framework-win-MediaFoundation: 216162199b28c13a410421893ffa2e32 -> 
  custom:scripting/monoscript/fileName/NoAliasAttribute.cs: f143c4ee756cdb81705ae157ea796156 -> 47e40919f04b49dc8701e6216f1351d4
  custom:scripting/monoscript/fileName/NEON_AArch64_crypto.cs: 27dfd32aeb3aec362855d6a15ae66a4f -> 68ba95faf7f0f0403852fb6af2a2f956
  custom:scripting/monoscript/fileName/v128.cs: 117d41d4706f1df0b65a9e2453bf6a48 -> e021cba7e9c369437e29248cab7adb92
  custom:scripting/monoscript/fileName/SharedStatic.cs: 74550ff9370ca87319b80787c2203d8d -> f05c0e41a9966bdff75df2ec1c0154e3
  custom:scripting/monoscript/fileName/Sse3.cs: 869deae3083ccfe6b60b2585f9e67560 -> 790f25d56fba1e7a48c0a0766c0ad6a6
  custom:scripting/monoscript/fileName/BurstDisassembler.Core.ARM64.info.cs: 924d9993bb4f5055a61b0166f627d3c3 -> b15d06942db1ac71042be253eef84e7f
  custom:CustomObjectIndexerAttribute: 72b91833f83ae208fae7752999fa3104 -> 
  custom:scripting/monoscript/fileName/NEON_AArch64_rdma.cs: 27dfd32aeb3aec362855d6a15ae66a4f -> 68ba95faf7f0f0403852fb6af2a2f956
  custom:scripting/monoscript/fileName/v256.cs: cc278cab80741b277f80e482a2e6740b -> 47c636eb6f790c9afbde51106c5c5b53
  custom:scripting/monoscript/fileName/FunctionPointerInvokeTransform.cs: 78ee86208e709b5fd706a0c77fd5004f -> 87582112a32f635e413c776846ec78de
  custom:scripting/monoscript/fileName/Csr.cs: 869deae3083ccfe6b60b2585f9e67560 -> 790f25d56fba1e7a48c0a0766c0ad6a6
  custom:scripting/monoscript/fileName/CecilExtensions.cs: 092e8a73dda2df206baaf95a0d738493 -> 300205ae85edbb88d6c0c35c47681451
  custom:container-demuxer-webm: 4f35f7cbe854078d1ac9338744f61a02 -> 
  custom:scripting/monoscript/fileName/BurstDisassembler.Core.x86.info.cs: 924d9993bb4f5055a61b0166f627d3c3 -> b15d06942db1ac71042be253eef84e7f
  custom:scripting/monoscript/fileName/GenericContext.cs: 382a922cd4d3f0ca6cf18c02fb0e5430 -> 91513e0bd2facda2d12405e8de8d8a9b
  custom:scripting/monoscript/fileName/NEON_AArch64.cs: 27dfd32aeb3aec362855d6a15ae66a4f -> 68ba95faf7f0f0403852fb6af2a2f956
  custom:scripting/monoscript/fileName/Hint.cs: 73569c0368c38045b2f569420e45a0a1 -> 35c736c413c7f058326ce656dfcde31e
  custom:scripting/monoscript/fileName/BurstRuntime.cs: da2dbf1247f62950b565aeade2339490 -> dd1cc6bb42ddae27b5305860068dfb8c
  custom:scripting/monoscript/fileName/SafeStringArrayHelper.cs: 38e2cda5fcac6d8044d6ce3723202ea5 -> c8d46796c0d02dc9724140077fd6c374
  custom:scripting/monoscript/fileName/FunctionPointer.cs: ea3b19baafd3ebcb60e92f687402237d -> b278ab85034025b7289bef45e0874487
  custom:scripting/monoscript/fileName/BurstDisassembler.Core.Wasm.cs: 924d9993bb4f5055a61b0166f627d3c3 -> b15d06942db1ac71042be253eef84e7f
  custom:container-muxer-webm: aa71ff27fc2769a1b78a27578f13a17b -> 
  custom:scripting/monoscript/fileName/LabeledPopup.cs: aaac60160bcf5911cfd22427e122285e -> 87f082da9aa2abffd22a5b3019d4e188
  custom:scripting/monoscript/fileName/Sse2.cs: 869deae3083ccfe6b60b2585f9e67560 -> 790f25d56fba1e7a48c0a0766c0ad6a6
  custom:scripting/monoscript/fileName/BurstDisassembler.cs: 5af3bf689b9a2f927160aa1f9ee98cdd -> d51fb062bede2b9ca5d97ccc2e501c19
  custom:video-decoder-webm-vp8: 9c59270c3fd7afecdb556c50c9e8de78 -> 
  custom:scripting/monoscript/fileName/BurstPlatformAotSettings.cs: d9c4daff02e435a41bbec9b06ebbdaea -> e55a3d6d232eb892da58dcc30668a0b8
  custom:scripting/monoscript/fileName/BurstMath.cs: a8e238815417f3af4bbd45bfd740da03 -> d94624ee519cab4bff493f67794b1527
  custom:scripting/monoscript/fileName/BurstCompileTarget.cs: 47adecc05bc5bde9cd2b85670fa94f8b -> 5a1d233d747b0d562e7d5017bb80886e
  custom:scripting/monoscript/fileName/BurstReflection.cs: afa533733f4dc5137f95c85cb30225b4 -> a904f9b2bf9ba0accae4702e11f47640
  custom:scripting/monoscript/fileName/Constant.cs: 56e49c7e9d6abbdcb72cf45bc4184613 -> 9503cddf79e2a3fdeab51cc0257c4da1
  custom:scripting/monoscript/fileName/NEON_ctor.cs: 27dfd32aeb3aec362855d6a15ae66a4f -> 68ba95faf7f0f0403852fb6af2a2f956
  custom:SearchIndexIgnoredProperties: e643bd26f0fe6173181afceb89e7c659 -> 
  custom:AudioImporter_EditorPlatform: d09bf68614088b80899f8185d706f6e7 -> 
  custom:scripting/monoscript/fileName/BurstMenu.cs: 814d22383aeaf354b3d01e8753d80cd7 -> ba8f72dcdc01403dc080f70f4b855f19
  custom:scripting/monoscript/fileName/IgnoreWarningAttribute.cs: 0d7229169d4125415775d3108e0f5f3f -> 95b6772ff35299aa9927da5e6696b2f1
  custom:scripting/monoscript/fileName/BurstEditorOptions.cs: 49a29b1cc3aae7ee8ad61a5c191ad2a8 -> 9c5afa3a809e97579143a619b525af7f
  custom:scripting/monoscript/fileName/BurstCompileAttribute.cs: d6b4f38d813b7cc3ab63dc8ec73aa58a -> f1834e5146c37c3c879fe10d3c8c9e49
  custom:scripting/monoscript/fileName/SkipLocalsInitAttribute.cs: 317e2a89b70357c20342615fd85d0395 -> e4f8d5a888902955673e1ed6a9dfb76a
  custom:scripting/monoscript/fileName/AssumeRangeAttribute.cs: a138805f6c483ab3d42e249817bdf161 -> d3abc900d6b7c73addcf3398d2779a03
  custom:scripting/monoscript/fileName/Fma.cs: 76b83bf8a5d0f959f2f96ac2bfe62268 -> 550ccd401d2d76d5e362c6ec284ceeaa
  custom:scripting/monoscript/fileName/Sse.cs: 869deae3083ccfe6b60b2585f9e67560 -> 790f25d56fba1e7a48c0a0766c0ad6a6
  custom:scripting/monoscript/fileName/AssemblyResolver.cs: 5d80bf0419ced3ef86f9dc251f8f6957 -> d02bbd84bf24106c236ab13c6c3d719f
  custom:video-encoder-webm-vp8: eb34c28f22e8b96e1ab97ce403110664 -> 
  custom:scripting/monoscript/fileName/Sse4_2.cs: 76b83bf8a5d0f959f2f96ac2bfe62268 -> 550ccd401d2d76d5e362c6ec284ceeaa
  custom:scripting/monoscript/fileName/NEON.cs: 27dfd32aeb3aec362855d6a15ae66a4f -> 68ba95faf7f0f0403852fb6af2a2f956
  custom:audio-decoder-ogg-vorbis: bf7c407c2cedff20999df2af8eb42d56 -> 
  custom:scripting/monoscript/fileName/Avx.cs: 869deae3083ccfe6b60b2585f9e67560 -> 790f25d56fba1e7a48c0a0766c0ad6a6
  custom:scripting/monoscript/fileName/Popcnt.cs: 869deae3083ccfe6b60b2585f9e67560 -> 790f25d56fba1e7a48c0a0766c0ad6a6
  custom:scripting/monoscript/fileName/Ssse3.cs: 869deae3083ccfe6b60b2585f9e67560 -> 790f25d56fba1e7a48c0a0766c0ad6a6
  custom:scripting/monoscript/fileName/ILPostProcessingLegacy.cs: d9910f2de3f51974efe13df8267dc87d -> 1474151453fb056da8fe50e6cda891db
  custom:scripting/monoscript/fileName/BurstILPostProcessor.cs: 2a5731aefd677289925bd5cd5c4ff889 -> caa97838ab13c1add4a98ae3f9820b7e
  custom:scripting/monoscript/fileName/F16C.cs: 869deae3083ccfe6b60b2585f9e67560 -> 790f25d56fba1e7a48c0a0766c0ad6a6
  custom:scripting/monoscript/fileName/BurstAssemblyDisable.cs: 05c2ec5d4cb82dde153fd26804b0759c -> b6ce5635cda12e16b9d3052a32a53ef4
  custom:audio-encoder-webm-vorbis: bf7c407c2cedff20999df2af8eb42d56 -> 
  custom:scripting/monoscript/fileName/BurstString.Float.cs: 2be5f73de1c4aa5655ffe1179ecab0e5 -> f7cf2d4ac32cd23a2133a777bc8e9bdf
  custom:scripting/monoscript/fileName/BurstCompilerOptions.cs: 90c36f225bcaac40ff330fc8c75284d4 -> 462794c2cc7370a72a60909850bd4bd6
  custom:scripting/monoscript/fileName/LongTextArea.cs: dfdcf6f0be8f7d5d7c8ee22ae4b70ab5 -> 4c687402ecd5f2af3a470023aff89eca
  custom:scripting/monoscript/fileName/BurstDisassembler.Core.LLVMIR.info.cs: 924d9993bb4f5055a61b0166f627d3c3 -> b15d06942db1ac71042be253eef84e7f
  custom:scripting/monoscript/fileName/NEON_AArch64_dotprod.cs: 27dfd32aeb3aec362855d6a15ae66a4f -> 68ba95faf7f0f0403852fb6af2a2f956
  custom:scripting/monoscript/fileName/BurstStringSearch.cs: 3c5d5bf3e7cd0a361303b76b832193e1 -> 69d0ecca394873c1593eee16bae2761c
  custom:scripting/monoscript/fileName/Sse4_1.cs: 869deae3083ccfe6b60b2585f9e67560 -> 790f25d56fba1e7a48c0a0766c0ad6a6
  custom:scripting/monoscript/fileName/BurstString.cs: 2be5f73de1c4aa5655ffe1179ecab0e5 -> f7cf2d4ac32cd23a2133a777bc8e9bdf
  custom:scripting/monoscript/fileName/ILPostProcessing.cs: 2c5fdb336ed93343a2a75af3484ca5a1 -> bf24e0d53d12752a069f04d5a4bfdf42
========================================================================
Received Import Request.
  Time since last request: 2335147.971885 seconds.
  path: Assets/Models/marvelous_to_substance_test_2_aodai.glb
  artifactKey: Guid(516240eb103ce0849946e654a9581713) Importer(815301076,1909f56bfc062723c751e8b465ee728b)
Start importing Assets/Models/marvelous_to_substance_test_2_aodai.glb using Guid(516240eb103ce0849946e654a9581713) Importer(815301076,1909f56bfc062723c751e8b465ee728b) [PhysX] Initialized MultithreadedTaskDispatcher with 8 workers.
[PhysX] Initialized MultithreadedTaskDispatcher with 8 workers.
[PhysX] Initialized MultithreadedTaskDispatcher with 8 workers.
[PhysX] Initialized MultithreadedTaskDispatcher with 8 workers.
[PhysX] Initialized MultithreadedTaskDispatcher with 8 workers.
[PhysX] Initialized MultithreadedTaskDispatcher with 8 workers.
[PhysX] Initialized MultithreadedTaskDispatcher with 8 workers.
 -> (artifact id: '2bbda043b860f4064b6442ec2fea8eda') in 2.693076 seconds
Number of updated asset objects reloaded before import = 0
Number of asset objects unloaded after import = 38
========================================================================
Received Import Request.
  Time since last request: 0.000037 seconds.
  path: Assets/Models/basic_design_house_model_one.glb
  artifactKey: Guid(3a7db964d478f8a43b3f8dc1395629ad) Importer(815301076,1909f56bfc062723c751e8b465ee728b)
Start importing Assets/Models/basic_design_house_model_one.glb using Guid(3a7db964d478f8a43b3f8dc1395629ad) Importer(815301076,1909f56bfc062723c751e8b465ee728b) [PhysX] Initialized MultithreadedTaskDispatcher with 8 workers.
[PhysX] Initialized MultithreadedTaskDispatcher with 8 workers.
[PhysX] Initialized MultithreadedTaskDispatcher with 8 workers.
[PhysX] Initialized MultithreadedTaskDispatcher with 8 workers.
[PhysX] Initialized MultithreadedTaskDispatcher with 8 workers.
[PhysX] Initialized MultithreadedTaskDispatcher with 8 workers.
[PhysX] Initialized MultithreadedTaskDispatcher with 8 workers.
[PhysX] Initialized MultithreadedTaskDispatcher with 8 workers.
 -> (artifact id: '86f7ce01792e7feea5284b967bdc8505') in 2.774122 seconds
Number of updated asset objects reloaded before import = 0
Number of asset objects unloaded after import = 28
========================================================================
Received Prepare
Caller must complete domain reload
Begin MonoManager ReloadAssembly
- Loaded All Assemblies, in  0.538 seconds
Native extension for WindowsStandalone target not found
[Package Manager] Server::EnsureServerProcessIsRunning -- launch failed, reason: Unity was launched with the -noUpm command-line argument
[Package Manager] UpmClient::Send -- Unable to send message (not connected to UPM process).
[Package Manager] Cannot connect to Unity Package Manager local server
Mono: successfully reloaded assembly
- Finished resetting the current domain, in  1.337 seconds
Domain Reload Profiling: 1875ms
	BeginReloadAssembly (182ms)
		ExecutionOrderSort (0ms)
		DisableScriptedObjects (14ms)
		BackupInstance (0ms)
		ReleaseScriptingObjects (0ms)
		CreateAndSetChildDomain (44ms)
	RebuildCommonClasses (33ms)
	RebuildNativeTypeToScriptingClass (11ms)
	initialDomainReloadingComplete (25ms)
	LoadAllAssembliesAndSetupDomain (285ms)
		LoadAssemblies (331ms)
		RebuildTransferFunctionScriptingTraits (0ms)
		AnalyzeDomain (44ms)
			TypeCache.Refresh (10ms)
				TypeCache.ScanAssembly (1ms)
			ScanForSourceGeneratedMonoScriptInfo (21ms)
			ResolveRequiredComponents (13ms)
	FinalizeReload (1338ms)
		ReleaseScriptCaches (0ms)
		RebuildScriptCaches (0ms)
		SetupLoadedEditorAssemblies (565ms)
			LogAssemblyErrors (0ms)
			InitializePlatformSupportModulesInManaged (7ms)
			SetLoadedEditorAssemblies (6ms)
			RefreshPlugins (0ms)
			BeforeProcessingInitializeOnLoad (124ms)
			ProcessInitializeOnLoadAttributes (352ms)
			ProcessInitializeOnLoadMethodAttributes (74ms)
			AfterProcessingInitializeOnLoad (3ms)
			EditorAssembliesLoaded (0ms)
		ExecutionOrderSort2 (0ms)
		AwakeInstancesAfterBackupRestoration (22ms)
Refreshing native plugins compatible for Editor in 4.23 ms, found 3 plugins.
Preloading 0 native plugins for Editor in 0.00 ms.
Unloading 5292 Unused Serialized files (Serialized files now loaded: 0)
Unloading 20 unused Assets / (316.5 KB). Loaded Objects now: 6005.
Memory consumption went from 192.9 MB to 192.6 MB.
Total: 3.154700 ms (FindLiveObjects: 0.403500 ms CreateObjectMapping: 0.350200 ms MarkObjects: 2.324200 ms  DeleteObjects: 0.076000 ms)

Prepare: number of updated asset objects reloaded= 0
AssetImportParameters requested are different than current active one (requested -> active):
  custom:scripting/monoscript/fileName/Common.cs: c99d37a639876d15830bc1b4d2b2c424 -> 6ffc11e45ee8ab7a7d4178988978e63b
  custom:scripting/monoscript/fileName/BurstCompiler.cs: 25961ab6b2aa72f0ea3a28043bd3e34e -> 7b21670e31210e9f8a136d10cb1b9317
  custom:scripting/monoscript/fileName/NavMeshSurface.cs: 34aebd278d8d3d5db6b23265b9c700f9 -> 
  custom:scripting/monoscript/fileName/BurstDisassembler.Core.Wasm.info.cs: 924d9993bb4f5055a61b0166f627d3c3 -> b15d06942db1ac71042be253eef84e7f
  custom:scripting/precompiled-assembly-types:Unity.AI.Navigation: 5d8fa505e3253b9a2a456e2c28a1afb3 -> 
  custom:scripting/monoscript/fileName/BurstInspectorGUI.cs: bb274962adeb3b63c0ef4f58eeb3acfe -> 3b3371d5330c1720f59a915caa210691
  custom:scripting/monoscript/fileName/Aliasing.cs: 68567cebb1d169ce4f21a31c20f47d47 -> fa54b7e36cebab64c6f4b438ce5bbbb0
  custom:scripting/monoscript/fileName/BurstAotCompiler.cs: 999e0496849ba059c880640ab57448ab -> a41b7d0d053e0898c09eec7c4f1c3c21
  custom:container-demuxer-ogg: 62fdf1f143b41e24485cea50d1cbac27 -> 
  custom:scripting/monoscript/fileName/v64.cs: b639be1f4e5230c67c23ecfceaa8a8e2 -> 73e2a46ccd31f5cae0a785e2a9658313
  custom:scripting/monoscript/fileName/Avx2.cs: 869deae3083ccfe6b60b2585f9e67560 -> 790f25d56fba1e7a48c0a0766c0ad6a6
  custom:scripting/monoscript/fileName/BurstDisassembler.Core.x86.cs: 924d9993bb4f5055a61b0166f627d3c3 -> b15d06942db1ac71042be253eef84e7f
  custom:scripting/monoscript/fileName/NavMeshModifierVolumeEditor.cs: 262a50135a116189426aa01c964a744c -> 
  custom:scripting/monoscript/fileName/NavigationOverlay.cs: 2744f4e7946ebbb71339c9b1ce538d00 -> 
  custom:scripting/monoscript/fileName/BurstDisassembler.Core.LLVMIR.cs: 924d9993bb4f5055a61b0166f627d3c3 -> b15d06942db1ac71042be253eef84e7f
  custom:scripting/monoscript/fileName/Bmi2.cs: 869deae3083ccfe6b60b2585f9e67560 -> 790f25d56fba1e7a48c0a0766c0ad6a6
  custom:scripting/monoscript/fileName/SimdDebugViews.cs: 2a56730788f7babcb1e54d28fd040417 -> ee065a215655effb5244eeef3e220fd7
  custom:scripting/monoscript/fileName/ConverterItemDescriptor.cs: ce581e054faf450c31196535a41f95f6 -> 4bfcc3b0da7a9782753fe3b6e82125de
  custom:scripting/monoscript/fileName/BurstDisassembler.Core.ARM64.cs: 924d9993bb4f5055a61b0166f627d3c3 -> b15d06942db1ac71042be253eef84e7f
  custom:scripting/monoscript/fileName/Bmi1.cs: 869deae3083ccfe6b60b2585f9e67560 -> 790f25d56fba1e7a48c0a0766c0ad6a6
  custom:scripting/monoscript/fileName/BuiltInToNavMeshSurfaceConverterContainer.cs: c40a906f9f99ea8a6c5aaa215767017f -> 
  custom:scripting/monoscript/fileName/BurstDisassembler.Core.cs: b3b080d760b6a18b7cf0870b47190ba9 -> e5f812d5efcd2a5c78433604ae4d6b38
  custom:video-decoder-ogg-theora: a1e56fd34408186e4bbccfd4996cb3dc -> 
  custom:scripting/monoscript/fileName/BurstLoader.cs: 36ef27b2f68a2283d382cc41e77edbfa -> ff77f8ae1ba38c1e7af1923752743ddf
  custom:framework-win-MediaFoundation: 216162199b28c13a410421893ffa2e32 -> 
  custom:scripting/monoscript/fileName/NavigationWindow.cs: 7884404b71178f59d8819c380b951d7c -> 
  custom:scripting/monoscript/fileName/NoAliasAttribute.cs: f143c4ee756cdb81705ae157ea796156 -> 47e40919f04b49dc8701e6216f1351d4
  custom:scripting/monoscript/fileName/NEON_AArch64_crypto.cs: 27dfd32aeb3aec362855d6a15ae66a4f -> 68ba95faf7f0f0403852fb6af2a2f956
  custom:scripting/monoscript/fileName/NavMeshComponentsGUIUtility.cs: 08c52049b94db52661003d42fda4ecff -> 
  custom:scripting/monoscript/fileName/v128.cs: 117d41d4706f1df0b65a9e2453bf6a48 -> e021cba7e9c369437e29248cab7adb92
  custom:scripting/monoscript/fileName/SharedStatic.cs: 74550ff9370ca87319b80787c2203d8d -> f05c0e41a9966bdff75df2ec1c0154e3
  custom:scripting/monoscript/fileName/Sse3.cs: 869deae3083ccfe6b60b2585f9e67560 -> 790f25d56fba1e7a48c0a0766c0ad6a6
  custom:scripting/monoscript/fileName/BurstDisassembler.Core.ARM64.info.cs: 924d9993bb4f5055a61b0166f627d3c3 -> b15d06942db1ac71042be253eef84e7f
  custom:scripting/monoscript/fileName/ConverterItemInfo.cs: f61437cbb7953fbfeff62301ac8e3fd0 -> c46259e49e129111234cddabf164943d
  custom:CustomObjectIndexerAttribute: 72b91833f83ae208fae7752999fa3104 -> 
  custom:scripting/monoscript/fileName/NEON_AArch64_rdma.cs: 27dfd32aeb3aec362855d6a15ae66a4f -> 68ba95faf7f0f0403852fb6af2a2f956
  custom:scripting/monoscript/fileName/v256.cs: cc278cab80741b277f80e482a2e6740b -> 47c636eb6f790c9afbde51106c5c5b53
  custom:scripting/monoscript/fileName/NavMeshAssetManager.cs: 79eb4858c2054289cd611249ab36b0a5 -> 
  custom:scripting/monoscript/fileName/FunctionPointerInvokeTransform.cs: 78ee86208e709b5fd706a0c77fd5004f -> 87582112a32f635e413c776846ec78de
  custom:scripting/monoscript/fileName/Csr.cs: 869deae3083ccfe6b60b2585f9e67560 -> 790f25d56fba1e7a48c0a0766c0ad6a6
  custom:scripting/monoscript/fileName/NavMeshSurfaceEditor.cs: adb1294e971eab992abc2e3e7e051565 -> 
  custom:scripting/monoscript/fileName/CecilExtensions.cs: 092e8a73dda2df206baaf95a0d738493 -> 300205ae85edbb88d6c0c35c47681451
  custom:container-demuxer-webm: 4f35f7cbe854078d1ac9338744f61a02 -> 
  custom:scripting/monoscript/fileName/NavMeshModifierVolume.cs: 8dc531216c72b86c60b86e16ff3da10b -> 
  custom:scripting/monoscript/fileName/NavMeshUpdaterUtility.cs: 5eb03802e6dba19b3e13aaf384805cac -> 
  custom:scripting/monoscript/fileName/BurstDisassembler.Core.x86.info.cs: 924d9993bb4f5055a61b0166f627d3c3 -> b15d06942db1ac71042be253eef84e7f
  custom:scripting/monoscript/fileName/GenericContext.cs: 382a922cd4d3f0ca6cf18c02fb0e5430 -> 91513e0bd2facda2d12405e8de8d8a9b
  custom:scripting/monoscript/fileName/NavigationPreferences.cs: ada9399a4f085d4c824cc06527e7fcae -> 
  custom:scripting/monoscript/fileName/NEON_AArch64.cs: 27dfd32aeb3aec362855d6a15ae66a4f -> 68ba95faf7f0f0403852fb6af2a2f956
  custom:scripting/monoscript/fileName/Hint.cs: 73569c0368c38045b2f569420e45a0a1 -> 35c736c413c7f058326ce656dfcde31e
  custom:scripting/monoscript/fileName/BurstRuntime.cs: da2dbf1247f62950b565aeade2339490 -> dd1cc6bb42ddae27b5305860068dfb8c
  custom:scripting/monoscript/fileName/NavMeshUpdaterEditor.cs: 169704080eda430978bba61ddedeb304 -> 
  custom:scripting/precompiled-assembly-types:Unity.AI.Navigation.Editor.ConversionSystem: 27c718e5de2659aeeb663e092dc21158 -> 
  custom:scripting/monoscript/fileName/SafeStringArrayHelper.cs: 38e2cda5fcac6d8044d6ce3723202ea5 -> c8d46796c0d02dc9724140077fd6c374
  custom:scripting/monoscript/fileName/FunctionPointer.cs: ea3b19baafd3ebcb60e92f687402237d -> b278ab85034025b7289bef45e0874487
  custom:scripting/monoscript/fileName/NavMeshModifierEditor.cs: b8675d28116f43f78881455a7301fe8c -> 
  custom:scripting/monoscript/fileName/BurstDisassembler.Core.Wasm.cs: 924d9993bb4f5055a61b0166f627d3c3 -> b15d06942db1ac71042be253eef84e7f
  custom:container-muxer-webm: aa71ff27fc2769a1b78a27578f13a17b -> 
  custom:scripting/monoscript/fileName/LabeledPopup.cs: aaac60160bcf5911cfd22427e122285e -> 87f082da9aa2abffd22a5b3019d4e188
  custom:scripting/monoscript/fileName/Sse2.cs: 869deae3083ccfe6b60b2585f9e67560 -> 790f25d56fba1e7a48c0a0766c0ad6a6
  custom:scripting/monoscript/fileName/BurstDisassembler.cs: 5af3bf689b9a2f927160aa1f9ee98cdd -> d51fb062bede2b9ca5d97ccc2e501c19
  custom:video-decoder-webm-vp8: 9c59270c3fd7afecdb556c50c9e8de78 -> 
  custom:scripting/monoscript/fileName/BurstPlatformAotSettings.cs: d9c4daff02e435a41bbec9b06ebbdaea -> e55a3d6d232eb892da58dcc30668a0b8
  custom:scripting/precompiled-assembly-types:Unity.AI.Navigation.Editor: 7eaf38f66973fde07200cf372b24130e -> 
  custom:scripting/monoscript/fileName/BurstMath.cs: a8e238815417f3af4bbd45bfd740da03 -> d94624ee519cab4bff493f67794b1527
  custom:scripting/monoscript/fileName/BurstCompileTarget.cs: 47adecc05bc5bde9cd2b85670fa94f8b -> 5a1d233d747b0d562e7d5017bb80886e
  custom:scripting/monoscript/fileName/BurstReflection.cs: afa533733f4dc5137f95c85cb30225b4 -> a904f9b2bf9ba0accae4702e11f47640
  custom:scripting/monoscript/fileName/HelpUrls.cs: c1a90585e3e9c9d25f58f9141655f24f -> 
  custom:scripting/monoscript/fileName/EditorStyles.cs: 86b9f4d8fe570a8d8295bfc466c975cf -> 
  custom:scripting/monoscript/fileName/Constant.cs: 56e49c7e9d6abbdcb72cf45bc4184613 -> 9503cddf79e2a3fdeab51cc0257c4da1
  custom:scripting/monoscript/fileName/NEON_ctor.cs: 27dfd32aeb3aec362855d6a15ae66a4f -> 68ba95faf7f0f0403852fb6af2a2f956
  custom:SearchIndexIgnoredProperties: e643bd26f0fe6173181afceb89e7c659 -> 
  custom:scripting/precompiled-assembly-types:Unity.AI.Navigation.Updater: d2095ddf03fd615830d6dacf5841450d -> 
  custom:scripting/monoscript/fileName/NavMeshLinkEditor.cs: aed8ae070d922149bb2ba3de06889ff6 -> 
  custom:AudioImporter_EditorPlatform: d09bf68614088b80899f8185d706f6e7 -> 
  custom:scripting/monoscript/fileName/BurstMenu.cs: 814d22383aeaf354b3d01e8753d80cd7 -> ba8f72dcdc01403dc080f70f4b855f19
  custom:scripting/monoscript/fileName/NavMeshModifier.cs: 99ae5ed91bb784edc4f8312d7de046da -> 
  custom:scripting/monoscript/fileName/IgnoreWarningAttribute.cs: 0d7229169d4125415775d3108e0f5f3f -> 95b6772ff35299aa9927da5e6696b2f1
  custom:scripting/monoscript/fileName/BurstEditorOptions.cs: 49a29b1cc3aae7ee8ad61a5c191ad2a8 -> 9c5afa3a809e97579143a619b525af7f
  custom:scripting/monoscript/fileName/BurstCompileAttribute.cs: d6b4f38d813b7cc3ab63dc8ec73aa58a -> f1834e5146c37c3c879fe10d3c8c9e49
  custom:scripting/monoscript/fileName/NavMeshSceneConverter.cs: baf486a1c1cdf03a3111dd113d13c2f4 -> 
  custom:scripting/monoscript/fileName/SystemConverterContainer.cs: eb4026ea01a117ce0888f693e9eed2cd -> 
  custom:scripting/monoscript/fileName/NavMeshLink.cs: 0b3d0eeb07ab57d259e8f9365538df09 -> 
  custom:scripting/monoscript/fileName/SkipLocalsInitAttribute.cs: 317e2a89b70357c20342615fd85d0395 -> e4f8d5a888902955673e1ed6a9dfb76a
  custom:scripting/monoscript/fileName/AssumeRangeAttribute.cs: a138805f6c483ab3d42e249817bdf161 -> d3abc900d6b7c73addcf3398d2779a03
  custom:scripting/monoscript/fileName/ObsoleteNavigationWindowMenuEntry.cs: c7f73386e6473f401a8e4151cac4e1e5 -> 
  custom:scripting/monoscript/fileName/Fma.cs: 76b83bf8a5d0f959f2f96ac2bfe62268 -> 550ccd401d2d76d5e362c6ec284ceeaa
  custom:scripting/monoscript/fileName/Sse.cs: 869deae3083ccfe6b60b2585f9e67560 -> 790f25d56fba1e7a48c0a0766c0ad6a6
  custom:scripting/monoscript/fileName/InitializeConverterContext.cs: a45c5db80ce634a6cb9d0945b8b3954d -> d3d3f1d70ac16a8a43542759983f9035
  custom:scripting/monoscript/fileName/SystemConverter.cs: c748d1769fc66e95256254a1cc1497f3 -> 
  custom:scripting/monoscript/fileName/AssemblyResolver.cs: 5d80bf0419ced3ef86f9dc251f8f6957 -> d02bbd84bf24106c236ab13c6c3d719f
  custom:video-encoder-webm-vp8: eb34c28f22e8b96e1ab97ce403110664 -> 
  custom:scripting/monoscript/fileName/Sse4_2.cs: 76b83bf8a5d0f959f2f96ac2bfe62268 -> 550ccd401d2d76d5e362c6ec284ceeaa
  custom:scripting/monoscript/fileName/NEON.cs: 27dfd32aeb3aec362855d6a15ae66a4f -> 68ba95faf7f0f0403852fb6af2a2f956
  custom:audio-decoder-ogg-vorbis: bf7c407c2cedff20999df2af8eb42d56 -> 
  custom:scripting/monoscript/fileName/Avx.cs: 869deae3083ccfe6b60b2585f9e67560 -> 790f25d56fba1e7a48c0a0766c0ad6a6
  custom:scripting/monoscript/fileName/Popcnt.cs: 869deae3083ccfe6b60b2585f9e67560 -> 790f25d56fba1e7a48c0a0766c0ad6a6
  custom:scripting/monoscript/fileName/Ssse3.cs: 869deae3083ccfe6b60b2585f9e67560 -> 790f25d56fba1e7a48c0a0766c0ad6a6
  custom:scripting/monoscript/fileName/ILPostProcessingLegacy.cs: d9910f2de3f51974efe13df8267dc87d -> 1474151453fb056da8fe50e6cda891db
  custom:scripting/monoscript/fileName/RunItemContext.cs: bb4ef75ce860de201ddb04b582034b5c -> d35b5dd5e31389598dfa65d33e4ba88d
  custom:scripting/monoscript/fileName/BurstILPostProcessor.cs: 2a5731aefd677289925bd5cd5c4ff889 -> caa97838ab13c1add4a98ae3f9820b7e
  custom:scripting/monoscript/fileName/F16C.cs: 869deae3083ccfe6b60b2585f9e67560 -> 790f25d56fba1e7a48c0a0766c0ad6a6
  custom:scripting/monoscript/fileName/BurstAssemblyDisable.cs: 05c2ec5d4cb82dde153fd26804b0759c -> b6ce5635cda12e16b9d3052a32a53ef4
  custom:audio-encoder-webm-vorbis: bf7c407c2cedff20999df2af8eb42d56 -> 
  custom:scripting/monoscript/fileName/BurstString.Float.cs: 2be5f73de1c4aa5655ffe1179ecab0e5 -> f7cf2d4ac32cd23a2133a777bc8e9bdf
  custom:scripting/monoscript/fileName/BurstCompilerOptions.cs: 90c36f225bcaac40ff330fc8c75284d4 -> 462794c2cc7370a72a60909850bd4bd6
  custom:scripting/monoscript/fileName/LongTextArea.cs: dfdcf6f0be8f7d5d7c8ee22ae4b70ab5 -> 4c687402ecd5f2af3a470023aff89eca
  custom:scripting/monoscript/fileName/BurstDisassembler.Core.LLVMIR.info.cs: 924d9993bb4f5055a61b0166f627d3c3 -> b15d06942db1ac71042be253eef84e7f
  custom:scripting/monoscript/fileName/NEON_AArch64_dotprod.cs: 27dfd32aeb3aec362855d6a15ae66a4f -> 68ba95faf7f0f0403852fb6af2a2f956
  custom:scripting/monoscript/fileName/BurstStringSearch.cs: 3c5d5bf3e7cd0a361303b76b832193e1 -> 69d0ecca394873c1593eee16bae2761c
  custom:scripting/monoscript/fileName/SystemConvertersEditor.cs: c127c1335f24b77ca70195bf2136c6a2 -> 
  custom:scripting/monoscript/fileName/Sse4_1.cs: 869deae3083ccfe6b60b2585f9e67560 -> 790f25d56fba1e7a48c0a0766c0ad6a6
  custom:scripting/monoscript/fileName/BurstString.cs: 2be5f73de1c4aa5655ffe1179ecab0e5 -> f7cf2d4ac32cd23a2133a777bc8e9bdf
  custom:scripting/monoscript/fileName/ILPostProcessing.cs: 2c5fdb336ed93343a2a75af3484ca5a1 -> bf24e0d53d12752a069f04d5a4bfdf42
